<?xml version="1.0" encoding="UTF-8"?>
<!-- Generated by org.testng.reporters.JUnitReportReporter -->
<testsuite hostname="SUVEERAB-laptop" failures="0" tests="3" name="Testng_DataProvider.ExceldataProvider" time="50.967" errors="0" timestamp="2025-06-21T15:03:08 IST" skipped="0">
  <testcase classname="Testng_DataProvider.ExceldataProvider" name="Login" time="16.657"/>
  <testcase classname="Testng_DataProvider.ExceldataProvider" name="Login" time="17.856"/>
  <testcase classname="Testng_DataProvider.ExceldataProvider" name="Login" time="16.454"/>
</testsuite> <!-- Testng_DataProvider.ExceldataProvider -->
